c:\users\kimtaejeong\source\repos\study\study\x64\debug\vc143.pdb
c:\users\kimtaejeong\source\repos\study\study\x64\debug\vc143.idb
c:\users\kimtaejeong\source\repos\study\study\x64\debug\test.obj
c:\users\kimtaejeong\source\repos\study\study\x64\debug\소스.obj
c:\users\kimtaejeong\source\repos\study\study\x64\debug\study.ilk
c:\users\kimtaejeong\source\repos\study\study\x64\debug\filename.obj
c:\users\kimtaejeong\source\repos\study\study\x64\debug\red.obj
c:\users\kimtaejeong\source\repos\study\study\x64\debug\value.obj
c:\users\kimtaejeong\source\repos\study\x64\debug\study.pdb
c:\users\kimtaejeong\source\repos\study\study\x64\debug\study.tlog\cl.command.1.tlog
c:\users\kimtaejeong\source\repos\study\study\x64\debug\study.tlog\cl.items.tlog
c:\users\kimtaejeong\source\repos\study\study\x64\debug\study.tlog\cl.read.1.tlog
c:\users\kimtaejeong\source\repos\study\study\x64\debug\study.tlog\cl.write.1.tlog
c:\users\kimtaejeong\source\repos\study\study\x64\debug\study.tlog\link.16276-cvtres.read.1.tlog
c:\users\kimtaejeong\source\repos\study\study\x64\debug\study.tlog\link.16276-cvtres.write.1.tlog
c:\users\kimtaejeong\source\repos\study\study\x64\debug\study.tlog\link.16276-rc.read.1.tlog
c:\users\kimtaejeong\source\repos\study\study\x64\debug\study.tlog\link.16276-rc.write.1.tlog
c:\users\kimtaejeong\source\repos\study\study\x64\debug\study.tlog\link.16276.read.1.tlog
c:\users\kimtaejeong\source\repos\study\study\x64\debug\study.tlog\link.16276.read.2.tlog
c:\users\kimtaejeong\source\repos\study\study\x64\debug\study.tlog\link.16276.read.3.tlog
c:\users\kimtaejeong\source\repos\study\study\x64\debug\study.tlog\link.16276.read.4.tlog
c:\users\kimtaejeong\source\repos\study\study\x64\debug\study.tlog\link.16276.write.1.tlog
c:\users\kimtaejeong\source\repos\study\study\x64\debug\study.tlog\link.command.1.tlog
c:\users\kimtaejeong\source\repos\study\study\x64\debug\study.tlog\link.read.1.tlog
c:\users\kimtaejeong\source\repos\study\study\x64\debug\study.tlog\link.secondary.1.tlog
c:\users\kimtaejeong\source\repos\study\study\x64\debug\study.tlog\link.write.1.tlog
